<?xml version="1.0" encoding="UTF-8"?>
<!-- Generated by org.testng.reporters.JUnitReportReporter -->
<testsuite hostname="DESKTOP-T548G2D" failures="0" tests="1" name="TestingInstagram" time="22.990" errors="0" timestamp="2023-06-18T20:50:54 IST" skipped="0">
  <testcase classname="TestingInstagram" name="InstagramApp" time="22.990"/>
  <system-out/>
</testsuite> <!-- TestingInstagram -->
